<?xml version="1.0" encoding="UTF-8"?>
<!-- Generated by org.testng.reporters.JUnitReportReporter -->
<testsuite hostname="LAPTOP-8ADG3AEO" failures="0" tests="1" name="com.Shanon.accounts.VerifyAcoountsPage" time="1.218" errors="0" timestamp="2022-06-28T08:28:23 IST" skipped="0">
  <testcase classname="com.Shanon.accounts.VerifyAcoountsPage" name="verifyAccountsPageTest" time="1.218"/>
  <system-out>
    <![CDATA[verifyAccountsPageTest method started
CRM HOME PAGE is Displayed
verifyAccountsPageTest method PASSED]]>
  </system-out>
</testsuite> <!-- com.Shanon.accounts.VerifyAcoountsPage -->
