<?xml version="1.0" encoding="UTF-8"?>
<!-- Generated by org.testng.reporters.JUnitReportReporter -->
<testsuite hostname="LAPTOP-8ADG3AEO" failures="0" tests="1" name="com.Shanon.accounts.VerifyAccountsCreation" time="3.753" errors="0" timestamp="2022-06-23T09:48:46 IST" skipped="0">
  <testcase classname="com.Shanon.accounts.VerifyAccountsCreation" name="createAccountTest" time="3.753"/>
  <system-out>
    <![CDATA[createAccountTest method started
CRM HOME PAGE is Displayed
createAccountTest method PASSED]]>
  </system-out>
</testsuite> <!-- com.Shanon.accounts.VerifyAccountsCreation -->
