<?xml version="1.0" encoding="UTF-8"?>
<!-- Generated by org.testng.reporters.JUnitReportReporter -->
<testsuite hostname="LAPTOP-8ADG3AEO" failures="0" tests="1" name="com.Shannon.Home.HomepageTest" time="5.398" errors="0" timestamp="2022-06-28T08:28:23 IST" skipped="0">
  <testcase classname="com.Shannon.Home.HomepageTest" name="verifyhomepage" time="5.398"/>
  <system-out>
    <![CDATA[verifyhomepage method started
CRM HOME PAGE is Displayed
VIEW ALL EVENTS PAGE is Displayed
verifyhomepage method PASSED]]>
  </system-out>
</testsuite> <!-- com.Shannon.Home.HomepageTest -->
