<?xml version="1.0" encoding="UTF-8"?>
<!-- Generated by org.testng.reporters.JUnitReportReporter -->
<testsuite hostname="LAPTOP-8ADG3AEO" failures="0" tests="1" name="com.Shannon.Home.HomeCustomViewPageTest" time="9.981" errors="0" timestamp="2022-06-30T18:43:13 IST" skipped="0">
  <testcase classname="com.Shannon.Home.HomeCustomViewPageTest" name="verifyHomeCustomViewPageTest" time="9.981"/>
  <system-out>
    <![CDATA[CRM HOME PAGE is Displayed]]>
  </system-out>
</testsuite> <!-- com.Shannon.Home.HomeCustomViewPageTest -->
