<?xml version="1.0" encoding="UTF-8"?>
<!-- Generated by org.testng.reporters.JUnitReportReporter -->
<testsuite hostname="LAPTOP-8ADG3AEO" failures="0" tests="1" name="com.Shannon.Contacts.CreateViewTest" time="1.849" errors="0" timestamp="2022-07-05T09:33:15 IST" skipped="0">
  <testcase classname="com.Shannon.Contacts.CreateViewTest" name="verifyCreateViewTest" time="1.849"/>
  <system-out>
    <![CDATA[CRM HOME PAGE is Displayed]]>
  </system-out>
</testsuite> <!-- com.Shannon.Contacts.CreateViewTest -->
