<?xml version="1.0" encoding="UTF-8"?>
<!-- Generated by org.testng.reporters.JUnitReportReporter -->
<testsuite hostname="LAPTOP-8ADG3AEO" failures="0" tests="1" name="com.Shannon.Contacts.ContactsCustomViewPageTest" time="18.671" errors="0" timestamp="2022-07-04T16:39:35 IST" skipped="0">
  <testcase classname="com.Shannon.Contacts.ContactsCustomViewPageTest" name="verifyContactsCustomViewPageTest" time="18.671"/>
  <system-out>
    <![CDATA[CRM HOME PAGE is Displayed
CONTACTS TEXT is Displayed, PASS
CONTACT DETAILS PAGE is Displayed
EDIT CONTACT PAGE is Displayed
CREATE TASK PAGE is Displayed
CREATE CONTACT PAGE is Displayed
KEY ACCOUNTS PAGE is Displayed, PASS
ACCOUNT BY INDUSTRY PAGE is Displayed, PASS
CONTACT MAILING PAGE is Displayed, PASS
REPORT PAGE is Displayed, PASS
IMPORT MY CONTACT WIZZARD PAGE is Displayed, PASS
MASS DELETE CONTACT PAGE is Displayed, PASS
MASS EMAIL PAGE is Displayed, PASS
CREATE NEW VIEW PAGE is Displayed, PASS]]>
  </system-out>
</testsuite> <!-- com.Shannon.Contacts.ContactsCustomViewPageTest -->
