<?xml version="1.0" encoding="UTF-8"?>
<!-- Generated by org.testng.reporters.JUnitReportReporter -->
<testsuite hostname="LAPTOP-8ADG3AEO" failures="0" tests="1" name="com.Shannon.Contacts.CreateContactsPageTest" time="21.314" errors="0" timestamp="2022-07-04T11:18:28 IST" skipped="0">
  <testcase classname="com.Shannon.Contacts.CreateContactsPageTest" name="verifyCreateContactsPageTest" time="21.314"/>
  <system-out>
    <![CDATA[CRM HOME PAGE is Displayed
CREATE CONTACT is Displayed
CONTACT DETAILS is Displayed]]>
  </system-out>
</testsuite> <!-- com.Shannon.Contacts.CreateContactsPageTest -->
